This is LuaTeX, Version beta-0.70.2-2012060719 (MiKTeX 2.9 64-bit)  (format=lualatex 2014.9.18)  14 OCT 2014 23:42
**Resume_Asif.Rehan@engineer.uconn.edu.tex
(C:/Users/asr13006/Github/resume/Resume_Asif.Rehan@engineer.uconn.edu.tex
LaTeX2e <2011/06/27>
LuaTeX adaptation of babel <v3.8m-luatex-1.5> and hyphenation patterns for engl
ish, loaded.
(C:/Users/asr13006/Github/resume/res.cls
Document Style `res' <26 Sep 89>.
Document Class: res 2000/05/19 v1.4b Resume class
("C:/Program Files/MiKTeX 2.9/tex/latex/base/article.cls"
Document Class: article 2007/10/19 v1.4h Standard LaTeX document class
("C:/Program Files/MiKTeX 2.9/tex/latex/base/size10.clo"
File: size10.clo 2007/10/19 v1.4h Standard LaTeX file (size option)
)
\c@part=\count79
\c@section=\count80
\c@subsection=\count81
\c@subsubsection=\count82
\c@paragraph=\count83
\c@subparagraph=\count84
\c@figure=\count85
\c@table=\count86
\abovecaptionskip=\skip41
\belowcaptionskip=\skip42
\bibindent=\dimen102
)
No auxiliary output files.

\tabular@text=\toks14
\tabular@head=\toks15
\tabular@tail=\toks16
\@ta=\toks17
\undefined@token=\toks18
\sectionwidth=\dimen103
\sectionskip=\skip43
\resumewidth=\dimen104
\@columnwidth=\dimen105
\c@numberofcolumns=\count87
) ("C:/Program Files/MiKTeX 2.9/tex/latex/marvosym/marvosym.sty"
Package: marvosym 2011/07/20 v2.2 Martin Vogel's Symbols font definitions
)
("C:/Program Files/MiKTeX 2.9/tex/latex/ifsym/ifsym.sty"
Package: ifsym 2000/04/18 I.Kloeckl

("C:/Program Files/MiKTeX 2.9/tex/latex/tools/calc.sty"
Package: calc 2007/08/22 v4.3 Infix arithmetic (KKT,FJ)
\calc@Acount=\count88
\calc@Bcount=\count89
\calc@Adimen=\dimen106
\calc@Bdimen=\dimen107
\calc@Askip=\skip44
\calc@Bskip=\skip45
LaTeX Info: Redefining \setlength on input line 76.
LaTeX Info: Redefining \addtolength on input line 77.
\calc@Ccount=\count90
\calc@Cskip=\skip46
)
\c@ifsymcnt=\count91
)
("C:/Program Files/MiKTeX 2.9/tex/latex/fontawesome/fontawesome.sty"
Package: fontawesome 2013/03/23 v3.0.2-1 font awesome icons

("C:/Program Files/MiKTeX 2.9/tex/latex/fontspec/fontspec.sty"
Package: fontspec 2013/03/16 v2.3a Font selection for XeLaTeX and LuaLaTeX

("C:/Program Files/MiKTeX 2.9/tex/latex/l3kernel/expl3.sty"
("C:/Program Files/MiKTeX 2.9/tex/latex/l3kernel/l3names.sty"
("C:/Program Files/MiKTeX 2.9/tex/latex/l3kernel/l3bootstrap.sty"
Package: l3bootstrap 2013/01/08 v4420 L3 Experimental bootstrap code

("C:/Program Files/MiKTeX 2.9/tex/generic/oberdiek/luatex.sty"
Package: luatex 2010/03/09 v0.4 LuaTeX basic definition package (HO)

("C:/Program Files/MiKTeX 2.9/tex/generic/oberdiek/infwarerr.sty"
Package: infwarerr 2010/04/08 v1.3 Providing info/warning/error messages (HO)
)
("C:/Program Files/MiKTeX 2.9/tex/generic/oberdiek/ifluatex.sty"
Package: ifluatex 2010/03/01 v1.3 Provides the ifluatex switch (HO)
Package ifluatex Info: LuaTeX detected.
)
("C:/Program Files/MiKTeX 2.9/tex/latex/misc/etex.sty"
Package: etex 1998/03/26 v2.0 eTeX basic definition package (PEB)
\et@xins=\count92
)
\LuT@AllocAttribute=\count277
\LuT@AllocCatcodeTable=\count278
\CatcodeTableStack=\count279
\CatcodeTableIniTeX=\catcodetable1
\CatcodeTableString=\catcodetable3
\CatcodeTableOther=\catcodetable5
\CatcodeTableLaTeX=\catcodetable7

("C:/Program Files/MiKTeX 2.9/tex/generic/oberdiek/luatex-loader.sty"
Package: luatex-loader 2010/03/09 v0.4 Lua module loader (HO)

(C:/Program Files/MiKTeX 2.9/scripts/oberdiek/oberdiek.luatex.lua)))
("C:/Program Files/MiKTeX 2.9/tex/generic/oberdiek/pdftexcmds.sty"
Package: pdftexcmds 2011/11/29 v0.20 Utility functions of pdfTeX for LuaTeX (HO
)

("C:/Program Files/MiKTeX 2.9/tex/generic/oberdiek/ltxcmds.sty"
Package: ltxcmds 2011/11/09 v1.22 LaTeX kernel commands for general use (HO)
)
("C:/Program Files/MiKTeX 2.9/tex/generic/oberdiek/ifpdf.sty"
Package: ifpdf 2011/01/30 v2.3 Provides the ifpdf switch (HO)
Package ifpdf Info: pdfTeX in PDF mode is detected.
)
Package pdftexcmds Info: \pdf@primitive is available.
Package pdftexcmds Info: \pdf@ifprimitive is available.
Package pdftexcmds Info: \pdfdraftmode found.
\pdftexcmds@toks=\toks19
))
Package: l3names 2012/12/07 v4346 L3 Namespace for primitives
)
Package: expl3 2013/03/14 v4469 L3 Experimental code bundle wrapper

("C:/Program Files/MiKTeX 2.9/tex/latex/l3kernel/l3basics.sty"
Package: l3basics 2013/01/10 v4428 L3 Basic definitions
)
("C:/Program Files/MiKTeX 2.9/tex/latex/l3kernel/l3expan.sty"
Package: l3expan 2013/02/03 v4458 L3 Argument expansion
)
("C:/Program Files/MiKTeX 2.9/tex/latex/l3kernel/l3tl.sty"
Package: l3tl 2013/01/08 v4415 L3 Token lists
)
("C:/Program Files/MiKTeX 2.9/tex/latex/l3kernel/l3seq.sty"
Package: l3seq 2013/01/12 v4434 L3 Sequences and stacks
)
("C:/Program Files/MiKTeX 2.9/tex/latex/l3kernel/l3int.sty"
Package: l3int 2013/01/13 v4444 L3 Integers
\c_max_int=\count280
\l_tmpa_int=\count281
\l_tmpb_int=\count282
\g_tmpa_int=\count283
\g_tmpb_int=\count284
)
("C:/Program Files/MiKTeX 2.9/tex/latex/l3kernel/l3quark.sty"
Package: l3quark 2012/11/04 v4268 L3 Quarks
)
("C:/Program Files/MiKTeX 2.9/tex/latex/l3kernel/l3prg.sty"
Package: l3prg 2013/02/13 v4459 L3 Control structures
\g__prg_map_int=\count285
)
("C:/Program Files/MiKTeX 2.9/tex/latex/l3kernel/l3clist.sty"
Package: l3clist 2013/01/08 v4414 L3 Comma separated lists
)
("C:/Program Files/MiKTeX 2.9/tex/latex/l3kernel/l3token.sty"
Package: l3token 2013/01/10 v4428 L3 Experimental token manipulation
)
("C:/Program Files/MiKTeX 2.9/tex/latex/l3kernel/l3prop.sty"
Package: l3prop 2013/01/09 v4423 L3 Property lists
)
("C:/Program Files/MiKTeX 2.9/tex/latex/l3kernel/l3msg.sty"
Package: l3msg 2013/01/08 v4412 L3 Messages
)
("C:/Program Files/MiKTeX 2.9/tex/latex/l3kernel/l3file.sty"
Package: l3file 2013/01/14 v4446 L3 File and I/O operations
\l_iow_line_count_int=\count286
\l__iow_target_count_int=\count287
\l__iow_current_line_int=\count288
\l__iow_current_word_int=\count289
\l__iow_current_indentation_int=\count290
)
("C:/Program Files/MiKTeX 2.9/tex/latex/l3kernel/l3skip.sty"
Package: l3skip 2013/01/13 v4444 L3 Dimensions and skips
\c_zero_dim=\dimen256
\c_max_dim=\dimen257
\l_tmpa_dim=\dimen258
\l_tmpb_dim=\dimen259
\g_tmpa_dim=\dimen260
\g_tmpb_dim=\dimen261
\c_zero_skip=\skip256
\c_max_skip=\skip257
\l_tmpa_skip=\skip258
\l_tmpb_skip=\skip259
\g_tmpa_skip=\skip260
\g_tmpb_skip=\skip261
\c_zero_muskip=\muskip10
\c_max_muskip=\muskip11
\l_tmpa_muskip=\muskip12
\l_tmpb_muskip=\muskip13
\g_tmpa_muskip=\muskip14
\g_tmpb_muskip=\muskip15
)
("C:/Program Files/MiKTeX 2.9/tex/latex/l3kernel/l3keys.sty"
Package: l3keys 2013/02/24 v4461 L3 Experimental key-value interfaces
\g__keyval_level_int=\count291
\l_keys_choice_int=\count292
)
("C:/Program Files/MiKTeX 2.9/tex/latex/l3kernel/l3fp.sty"
Package: l3fp 2013/01/19 v4449 L3 Floating points
\c__fp_leading_shift_int=\count293
\c__fp_middle_shift_int=\count294
\c__fp_trailing_shift_int=\count295
\c__fp_big_leading_shift_int=\count296
\c__fp_big_middle_shift_int=\count297
\c__fp_big_trailing_shift_int=\count298
\c__fp_Bigg_leading_shift_int=\count299
\c__fp_Bigg_middle_shift_int=\count300
\c__fp_Bigg_trailing_shift_int=\count301
)
("C:/Program Files/MiKTeX 2.9/tex/latex/l3kernel/l3box.sty"
Package: l3box 2013/01/08 v4411 L3 Experimental boxes
\c_empty_box=\box256
\l_tmpa_box=\box257
\l_tmpb_box=\box258
\g_tmpa_box=\box259
\g_tmpb_box=\box260
)
("C:/Program Files/MiKTeX 2.9/tex/latex/l3kernel/l3coffins.sty"
Package: l3coffins 2012/09/09 v4212 L3 Coffin code layer
\l__coffin_internal_box=\box261
\l__coffin_internal_dim=\dimen262
\l__coffin_offset_x_dim=\dimen263
\l__coffin_offset_y_dim=\dimen264
\l__coffin_x_dim=\dimen265
\l__coffin_y_dim=\dimen266
\l__coffin_x_prime_dim=\dimen267
\l__coffin_y_prime_dim=\dimen268
\c_empty_coffin=\box262
\l__coffin_aligned_coffin=\box263
\l__coffin_aligned_internal_coffin=\box264
\l_tmpa_coffin=\box265
\l_tmpb_coffin=\box266
\l__coffin_display_coffin=\box267
\l__coffin_display_coord_coffin=\box268
\l__coffin_display_pole_coffin=\box269
\l__coffin_display_offset_dim=\dimen269
\l__coffin_display_x_dim=\dimen270
\l__coffin_display_y_dim=\dimen271
)
("C:/Program Files/MiKTeX 2.9/tex/latex/l3kernel/l3color.sty"
Package: l3color 2012/08/29 v4156 L3 Experimental color support
)
("C:/Program Files/MiKTeX 2.9/tex/latex/l3kernel/l3luatex.sty"
Package: l3luatex 2012/08/03 v4049 L3 Experimental LuaTeX-specific functions
\g__cctab_allocate_int=\count302
\g__cctab_stack_int=\count303
\c_code_cctab=\catcodetable9
)
("C:/Program Files/MiKTeX 2.9/tex/latex/l3kernel/l3candidates.sty"
Package: l3candidates 2013/03/14 v4468 L3 Experimental additions to l3kernel
\l__box_top_dim=\dimen272
\l__box_bottom_dim=\dimen273
\l__box_left_dim=\dimen274
\l__box_right_dim=\dimen275
\l__box_top_new_dim=\dimen276
\l__box_bottom_new_dim=\dimen277
\l__box_left_new_dim=\dimen278
\l__box_right_new_dim=\dimen279
\l__box_internal_box=\box270
\l__coffin_bounding_shift_dim=\dimen280
\l__coffin_left_corner_dim=\dimen281
\l__coffin_right_corner_dim=\dimen282
\l__coffin_bottom_corner_dim=\dimen283
\l__coffin_top_corner_dim=\dimen284
\l__coffin_scaled_total_height_dim=\dimen285
\l__coffin_scaled_width_dim=\dimen286
))
("C:/Program Files/MiKTeX 2.9/tex/latex/l3packages/xparse/xparse.sty"
Package: xparse 2013/03/12 v4467 L3 Experimental document command parser
\l__xparse_current_arg_int=\count304
\l__xparse_m_args_int=\count305
\l__xparse_mandatory_args_int=\count306
\l__xparse_processor_int=\count307
\l__xparse_v_nesting_int=\count308
)
("C:/Program Files/MiKTeX 2.9/tex/luatex/luaotfload/luaotfload.sty"
Package: luaotfload 2012/03/27 v1.26 OpenType layout system

("C:/Program Files/MiKTeX 2.9/tex/luatex/luatexbase/luatexbase.sty"
Package: luatexbase 2010/10/06 v0.3 Module utilities for LuaTeX

("C:/Program Files/MiKTeX 2.9/tex/luatex/luatexbase/luatexbase-compat.sty"
Package: luatexbase-compat 2010/10/10 v0.3 Compatibility tools for LuaTeX
)
("C:/Program Files/MiKTeX 2.9/tex/luatex/luatexbase/luatexbase-loader.sty"
Package: luatexbase-loader 2010/10/10 v0.3 Lua module loader for LuaTeX

(C:/Program Files/MiKTeX 2.9/tex/luatex/luatexbase/luatexbase.loader.lua))
("C:/Program Files/MiKTeX 2.9/tex/luatex/luatexbase/luatexbase-regs.sty"
Package: luatexbase-regs 2010/10/10 v0.3 Registers allocation for LuaTeX
)
("C:/Program Files/MiKTeX 2.9/tex/luatex/luatexbase/luatexbase-attr.sty"
Package: luatexbase-attr 2011/05/21 v0.31 Attributes allocation for LuaTeX

(C:/Program Files/MiKTeX 2.9/tex/luatex/luatexbase/attr.lua))
("C:/Program Files/MiKTeX 2.9/tex/luatex/luatexbase/luatexbase-cctb.sty"
Package: luatexbase-cctb 2010/10/10 v0.3 Catcodetable allocation for LuaTeX

(C:/Program Files/MiKTeX 2.9/tex/luatex/luatexbase/cctb.lua)
\lltxb@catcodetable@alloc=\count309
\CatcodeTableIniTeX=\luatexcatcodetable1
\CatcodeTableString=\luatexcatcodetable3
\CatcodeTableOther=\luatexcatcodetable5
\CatcodeTableLaTeX=\luatexcatcodetable7
\CatcodeTableLaTeXAtLetter=\luatexcatcodetable9
\CatcodeTableExpl=\luatexcatcodetable11
)
("C:/Program Files/MiKTeX 2.9/tex/luatex/luatexbase/luatexbase-mcb.sty"
Package: luatexbase-mcb 2010/10/10 v0.3 Callback management for LuaTeX

("C:/Program Files/MiKTeX 2.9/tex/luatex/luatexbase/luatexbase-modutils.sty"
Package: luatexbase-modutils 2010/10/10 v0.3 Module utilities for LuaTeX

(C:/Program Files/MiKTeX 2.9/tex/luatex/luatexbase/modutils.lua))
(C:/Program Files/MiKTeX 2.9/tex/luatex/luatexbase/mcb.lua)
Lua module: luatexbase-mcb 2010/05/12 0.2 register several functions in a callb
ack
))
(C:/Program Files/MiKTeX 2.9/tex/luatex/lualibs/lualibs.lua)
Lua module: lualibs 2011/01/20 0.96 Lua additional functions.

(C:/Program Files/MiKTeX 2.9/tex/luatex/lualibs/lualibs-string.lua)
(C:/Program Files/MiKTeX 2.9/tex/luatex/lualibs/lualibs-lpeg.lua)
(C:/Program Files/MiKTeX 2.9/tex/luatex/lualibs/lualibs-boolean.lua)
(C:/Program Files/MiKTeX 2.9/tex/luatex/lualibs/lualibs-number.lua)
(C:/Program Files/MiKTeX 2.9/tex/luatex/lualibs/lualibs-math.lua)
(C:/Program Files/MiKTeX 2.9/tex/luatex/lualibs/lualibs-table.lua)
(C:/Program Files/MiKTeX 2.9/tex/luatex/lualibs/lualibs-aux.lua)
(C:/Program Files/MiKTeX 2.9/tex/luatex/lualibs/lualibs-io.lua)
(C:/Program Files/MiKTeX 2.9/tex/luatex/lualibs/lualibs-os.lua)
(C:/Program Files/MiKTeX 2.9/tex/luatex/lualibs/lualibs-file.lua)
(C:/Program Files/MiKTeX 2.9/tex/luatex/lualibs/lualibs-md5.lua)
(C:/Program Files/MiKTeX 2.9/tex/luatex/lualibs/lualibs-dir.lua)
(C:/Program Files/MiKTeX 2.9/tex/luatex/lualibs/lualibs-unicode.lua)
(C:/Program Files/MiKTeX 2.9/tex/luatex/lualibs/lualibs-utils.lua)
(C:/Program Files/MiKTeX 2.9/tex/luatex/lualibs/lualibs-dimen.lua)
(C:/Program Files/MiKTeX 2.9/tex/luatex/lualibs/lualibs-url.lua)
(C:/Program Files/MiKTeX 2.9/tex/luatex/lualibs/lualibs-set.lua)
(C:/Program Files/MiKTeX 2.9/tex/luatex/luaotfload/luaotfload.lua)
Lua module: luaotfload 2012/03/27 1.26 OpenType layout system.
luaotfload: loading file C:/Program Files/MiKTeX 2.9/tex/luatex/luaotfload/otfl
-luat-dum.lua.(using cache: C:/Users/asr13006/AppData/Local/MiKTeX/2.9/luatex-c
ache/generic)
luaotfload: loading file C:/Program Files/MiKTeX 2.9/tex/luatex/luaotfload/otfl
-luat-ovr.lua.
luaotfload: loading file C:/Program Files/MiKTeX 2.9/tex/luatex/luaotfload/otfl
-data-con.lua.
luaotfload: loading file C:/Program Files/MiKTeX 2.9/tex/luatex/luaotfload/otfl
-font-ini.lua.
luaotfload: loading file C:/Program Files/MiKTeX 2.9/tex/luatex/luaotfload/otfl
-node-dum.lua.
luaotfload: loading file C:/Program Files/MiKTeX 2.9/tex/luatex/luaotfload/otfl
-node-inj.lua.
luaotfload: loading file C:/Program Files/MiKTeX 2.9/tex/luatex/luaotfload/otfl
-font-tfm.lua.
luatexbase.attributes["otfl@state"] = 1
luaotfload: loading file C:/Program Files/MiKTeX 2.9/tex/luatex/luaotfload/otfl
-font-cid.lua.
luaotfload: loading file C:/Program Files/MiKTeX 2.9/tex/luatex/luaotfload/otfl
-font-ott.lua.
luaotfload: loading file C:/Program Files/MiKTeX 2.9/tex/luatex/luaotfload/otfl
-font-map.lua.
luaotfload: loading file C:/Program Files/MiKTeX 2.9/tex/luatex/luaotfload/otfl
-font-otf.lua.
luaotfload: loading file C:/Program Files/MiKTeX 2.9/tex/luatex/luaotfload/otfl
-font-otd.lua.
luaotfload: loading file C:/Program Files/MiKTeX 2.9/tex/luatex/luaotfload/otfl
-font-oti.lua.
luaotfload: loading file C:/Program Files/MiKTeX 2.9/tex/luatex/luaotfload/otfl
-font-otb.lua.
luaotfload: loading file C:/Program Files/MiKTeX 2.9/tex/luatex/luaotfload/otfl
-font-otn.lua.
luatexbase.attributes["otfl@markbase"] = 2
luatexbase.attributes["otfl@markmark"] = 3
luatexbase.attributes["otfl@markdone"] = 4
luatexbase.attributes["otfl@cursbase"] = 5
luatexbase.attributes["otfl@curscurs"] = 6
luatexbase.attributes["otfl@cursdone"] = 7
luatexbase.attributes["otfl@kernpair"] = 8
luaotfload: loading file C:/Program Files/MiKTeX 2.9/tex/luatex/luaotfload/otfl
-font-ota.lua.
luaotfload: loading file C:/Program Files/MiKTeX 2.9/tex/luatex/luaotfload/otfl
-font-otc.lua.
luaotfload: loading file C:/Program Files/MiKTeX 2.9/tex/luatex/luaotfload/otfl
-font-def.lua.
luaotfload: loading file C:/Program Files/MiKTeX 2.9/tex/luatex/luaotfload/otfl
-font-xtx.lua.
luaotfload: loading file C:/Program Files/MiKTeX 2.9/tex/luatex/luaotfload/otfl
-font-dum.lua.
luaotfload: loading file C:/Program Files/MiKTeX 2.9/tex/luatex/luaotfload/otfl
-font-nms.lua.
luaotfload: loading file C:/Program Files/MiKTeX 2.9/tex/luatex/luaotfload/otfl
-font-clr.lua.
Module luatexbase-mcb info: creating 'luaotfload.patch_font' type 4
Module luatexbase-mcb info: inserting 'luaotfload.pre_linebreak_filter'
(luatexbase-mcb)            at position 1 in 'pre_linebreak_filter'
Module luatexbase-mcb info: inserting 'luaotfload.hpack_filter'
(luatexbase-mcb)            at position 1 in 'hpack_filter'
Module luatexbase-mcb info: resetting callback 'define_font'
Module luatexbase-mcb info: inserting 'luaotfload.define_font'
(luatexbase-mcb)            at position 1 in 'define_font'
Module luatexbase-mcb info: inserting 'luaotfload.find_vf_file'
(luatexbase-mcb)            at position 1 in 'find_vf_file'
Module luatexbase-mcb info: inserting 'unicodemath.set_sscale_diments'
(luatexbase-mcb)            at position 1 in 'luaotfload.patch_font'
)
(C:/Program Files/MiKTeX 2.9/tex/latex/fontspec/fontspec.lua)
Lua module: fontspec 2009/12/04 2 Advanced font selection for LuaLaTeX.

Module luatexbase-mcb info: inserting 'fontspec.set_capheight'
(luatexbase-mcb)            at position 2 in 'luaotfload.patch_font'
\l_fontspec_script_int=\count310
\l_fontspec_language_int=\count311
\l_fontspec_strnum_int=\count312
\l_fontspec_tmpa_dim=\dimen287
\l_fontspec_tmpb_dim=\dimen288
\l_fontspec_tmpc_dim=\dimen289
Variant \tl_gset:cV already defined; not changing it on line 69
("C:/Program Files/MiKTeX 2.9/tex/latex/fontspec/fontspec-patches.sty"
Package: fontspec-patches 2013/03/16 v2.3a Font selection for XeLaTeX and LuaLa
TeX

("C:/Program Files/MiKTeX 2.9/tex/latex/base/fixltx2e.sty"
Package: fixltx2e 2006/09/13 v1.1m fixes to LaTeX
LaTeX Info: Redefining \em on input line 420.
)
LaTeX Info: Redefining \em on input line 22.
LaTeX Info: Redefining \emph on input line 30.
LaTeX Info: Redefining \- on input line 33.

*************************************************
* LaTeX warning: "xparse/redefine-command"
* 
* Redefining document command \oldstylenums with arg. spec. 'm' on line 128.
*************************************************
.................................................
. LaTeX info: "xparse/define-command"
. 
. Defining document command \liningnums with arg. spec. 'm' on line 132.
.................................................
) ("C:/Program Files/MiKTeX 2.9/tex/latex/fontspec/fontspec-luatex.sty"
Package: fontspec-luatex 2013/03/16 v2.3a Font selection for XeLaTeX and LuaLaT
eX

("C:/Program Files/MiKTeX 2.9/tex/latex/base/fontenc.sty"
Package: fontenc 2005/09/27 v1.99g Standard LaTeX package

("C:/Program Files/MiKTeX 2.9/tex/latex/euenc/eu2enc.def"
File: eu2enc.def 2010/05/27 v0.1h Experimental Unicode font encodings
)
LaTeX Font Info:    Try loading font information for EU2+lmr on input line 100.


("C:/Program Files/MiKTeX 2.9/tex/latex/euenc/eu2lmr.fd"
File: eu2lmr.fd 2009/10/30 v1.6 Font defs for Latin Modern
)
luaotfload | load font: auto-selecting default features for script: dflt (was l
atn)(load: C:/Users/asr13006/AppData/Local/MiKTeX/2.9/luatex-cache/generic/font
s/otf/temp-lmroman10-regular.lua)) ("C:/Program Files/MiKTeX 2.9/tex/xelatex/xu
nicode/xunicode.sty"
File: xunicode.sty 2011/09/09 v0.981 provides access to latin accents and many 
other characters in Unicode lower plane

("C:/Program Files/MiKTeX 2.9/tex/latex/tipa/t3enc.def"
File: t3enc.def 2001/12/31 T3 encoding
luaotfload | load font: auto-selecting default features for script: dflt (was l
atn)(load: C:/Users/asr13006/AppData/Local/MiKTeX/2.9/luatex-cache/generic/font
s/otf/temp-lmromanslant10-regular.lua)
luaotfload | load font: auto-selecting default features for script: dflt (was l
atn)(load: C:/Users/asr13006/AppData/Local/MiKTeX/2.9/luatex-cache/generic/font
s/otf/temp-lmroman10-italic.lua)
luaotfload | load font: auto-selecting default features for script: dflt (was l
atn)(load: C:/Users/asr13006/AppData/Local/MiKTeX/2.9/luatex-cache/generic/font
s/otf/temp-lmroman10-bold.lua)
LaTeX Font Info:    Try loading font information for EU2+lmss on input line 357
.

("C:/Program Files/MiKTeX 2.9/tex/latex/euenc/eu2lmss.fd"
File: eu2lmss.fd 2009/10/30 v1.6 Font defs for Latin Modern
)
luaotfload | load font: auto-selecting default features for script: dflt (was l
atn)(load: C:/Users/asr13006/AppData/Local/MiKTeX/2.9/luatex-cache/generic/font
s/otf/temp-lmsans10-regular.lua))
\tipaTiiicode=\count313
\tipasavetokens=\toks20
\tipachecktokens=\toks21
 ("C:/Program Files/MiKTeX 2.9/tex/latex/graphics/graphicx.sty"
Package: graphicx 1999/02/16 v1.0f Enhanced LaTeX Graphics (DPC,SPQR)

("C:/Program Files/MiKTeX 2.9/tex/latex/graphics/keyval.sty"
Package: keyval 1999/03/16 v1.13 key=value parser (DPC)
\KV@toks@=\toks22
)
("C:/Program Files/MiKTeX 2.9/tex/latex/graphics/graphics.sty"
Package: graphics 2009/02/05 v1.0o Standard LaTeX Graphics (DPC,SPQR)

("C:/Program Files/MiKTeX 2.9/tex/latex/graphics/trig.sty"
Package: trig 1999/03/16 v1.09 sin cos tan (DPC)
)
("C:/Program Files/MiKTeX 2.9/tex/latex/00miktex/graphics.cfg"
File: graphics.cfg 2007/01/18 v1.5 graphics configuration of teTeX/TeXLive
)
Package graphics Info: Driver file: pdftex.def on input line 91.

("C:/Program Files/MiKTeX 2.9/tex/latex/pdftex-def/pdftex.def"
File: pdftex.def 2011/05/27 v0.06d Graphics/color for pdfTeX
\Gread@gobject=\count314
))
\Gin@req@height=\dimen290
\Gin@req@width=\dimen291
))
.................................................
. LaTeX info: "xparse/define-command"
. 
. Defining document command \fontspec with arg. spec. 'O{}m' on line 44.
.................................................
.................................................
. LaTeX info: "xparse/define-command"
. 
. Defining document command \setmainfont with arg. spec. 'O{}m' on line 49.
.................................................
.................................................
. LaTeX info: "xparse/define-command"
. 
. Defining document command \setsansfont with arg. spec. 'O{}m' on line 54.
.................................................
.................................................
. LaTeX info: "xparse/define-command"
. 
. Defining document command \setmonofont with arg. spec. 'O{}m' on line 59.
.................................................
.................................................
. LaTeX info: "xparse/define-command"
. 
. Defining document command \setmathrm with arg. spec. 'O{}m' on line 68.
.................................................
.................................................
. LaTeX info: "xparse/define-command"
. 
. Defining document command \setboldmathrm with arg. spec. 'O{}m' on line 72.
.................................................
.................................................
. LaTeX info: "xparse/define-command"
. 
. Defining document command \setmathsf with arg. spec. 'O{}m' on line 76.
.................................................
.................................................
. LaTeX info: "xparse/define-command"
. 
. Defining document command \setmathtt with arg. spec. 'O{}m' on line 80.
.................................................
.................................................
. LaTeX info: "xparse/define-command"
. 
. Defining document command \newfontfamily with arg. spec. 'mO{}m' on line 99.
.................................................
.................................................
. LaTeX info: "xparse/define-command"
. 
. Defining document command \newfontface with arg. spec. 'mO{}m' on line 103.
.................................................
.................................................
. LaTeX info: "xparse/define-command"
. 
. Defining document command \defaultfontfeatures with arg. spec. 'om' on line
. 111.
.................................................
.................................................
. LaTeX info: "xparse/define-command"
. 
. Defining document command \addfontfeatures with arg. spec. 'm' on line 147.
.................................................
.................................................
. LaTeX info: "xparse/define-command"
. 
. Defining document command \newfontfeature with arg. spec. 'mm' on line 159.
.................................................
.................................................
. LaTeX info: "xparse/define-command"
. 
. Defining document command \newAATfeature with arg. spec. 'mmmm' on line 167.
.................................................
.................................................
. LaTeX info: "xparse/define-command"
. 
. Defining document command \newICUfeature with arg. spec. 'mmm' on line 175.
.................................................
.................................................
. LaTeX info: "xparse/define-command"
. 
. Defining document command \aliasfontfeature with arg. spec. 'mm' on line
. 204.
.................................................
.................................................
. LaTeX info: "xparse/define-command"
. 
. Defining document command \aliasfontfeatureoption with arg. spec. 'mmm' on
. line 206.
.................................................
.................................................
. LaTeX info: "xparse/define-command"
. 
. Defining document command \newfontscript with arg. spec. 'mm' on line 211.
.................................................
.................................................
. LaTeX info: "xparse/define-command"
. 
. Defining document command \newfontlanguage with arg. spec. 'mm' on line 238.
.................................................
.................................................
. LaTeX info: "xparse/define-command"
. 
. Defining document command \DeclareFontsExtensions with arg. spec. 'm' on
. line 259.
.................................................
Variant \prop_gput:cnV already defined; not changing it on line 586
Variant \prop_gput:cnx already defined; not changing it on line 587
\l_fontspec_tmp_int=\count315
LaTeX Info: Redefining \itshape on input line 2012.
LaTeX Info: Redefining \slshape on input line 2017.
LaTeX Info: Redefining \scshape on input line 2022.
LaTeX Info: Redefining \upshape on input line 2027.

("C:/Program Files/MiKTeX 2.9/tex/latex/fontspec/fontspec.cfg")))
\g__file_internal_ior=\read1

luaotfload | Font names database loaded: C:/Users/asr13006/AppData/Local/MiKTeX
/2.9/luatex-cache/generic/names/otfl-names.lua
luaotfload | load font: font family='fontawesome', subfamily='regular' found: f
ontawesome.otf(load: C:/Users/asr13006/AppData/Local/MiKTeX/2.9/luatex-cache/ge
neric/fonts/otf/temp-fontawesome.lua)
luaotfload | load font: font family='fontawesome', subfamily='regular' found: f
ontawesome.otf
.................................................
. fontspec info: "no-scripts"
. 
. Font FontAwesome does not contain any OpenType `Script' information.
.................................................
\g_fontspec_family_FontAwesome_int=\count316
luaotfload | load font: font family='fontawesome', subfamily='regular' found: f
ontawesome.otf
luaotfload | load font: font family='fontawesome', subfamily='regular' found: f
ontawesome.otf
.................................................
. fontspec info: "no-font-shape"
. 
. Could not resolve font FontAwesome/B (it probably doesn't exist).
.................................................
luaotfload | load font: font family='fontawesome', subfamily='regular' found: f
ontawesome.otf
.................................................
. fontspec info: "no-font-shape"
. 
. Could not resolve font FontAwesome/I (it probably doesn't exist).
.................................................
luaotfload | load font: font family='fontawesome', subfamily='regular' found: f
ontawesome.otf
.................................................
. fontspec info: "no-font-shape"
. 
. Could not resolve font FontAwesome/BI (it probably doesn't exist).
.................................................
.................................................
. fontspec info: "defining-font"
. 
. Font family 'FontAwesome(0)' created for font 'FontAwesome' with options [].
. 
. This font family consists of the following shapes:
. 
. * 'normal' with NFSS spec.:
. <->"name:FontAwesome:mode=node;"
.................................................
)
("C:/Program Files/MiKTeX 2.9/tex/latex/hyperref/hyperref.sty"
Package: hyperref 2012/11/06 v6.83m Hypertext links for LaTeX

("C:/Program Files/MiKTeX 2.9/tex/generic/oberdiek/hobsub-hyperref.sty"
Package: hobsub-hyperref 2012/04/25 v1.12 Bundle oberdiek, subset hyperref (HO)


("C:/Program Files/MiKTeX 2.9/tex/generic/oberdiek/hobsub-generic.sty"
Package: hobsub-generic 2012/04/25 v1.12 Bundle oberdiek, subset generic (HO)
Package: hobsub 2012/04/25 v1.12 Construct package bundles (HO)
Package hobsub Info: Skipping package `infwarerr' (already loaded).
Package hobsub Info: Skipping package `ltxcmds' (already loaded).
Package hobsub Info: Skipping package `ifluatex' (already loaded).
Package: ifvtex 2010/03/01 v1.5 Detect VTeX and its facilities (HO)
Package ifvtex Info: VTeX not detected.
Package: intcalc 2007/09/27 v1.1 Expandable calculations with integers (HO)
Package hobsub Info: Skipping package `ifpdf' (already loaded).
Package: etexcmds 2011/02/16 v1.5 Avoid name clashes with e-TeX commands (HO)
Package: kvsetkeys 2012/04/25 v1.16 Key value parser (HO)
Package: kvdefinekeys 2011/04/07 v1.3 Define keys (HO)
Package hobsub Info: Skipping package `luatex-loader' (already loaded).
Package hobsub Info: Skipping package `pdftexcmds' (already loaded).
Package: pdfescape 2011/11/25 v1.13 Implements pdfTeX's escape features (HO)
Package: bigintcalc 2012/04/08 v1.3 Expandable calculations on big integers (HO
)
Package: bitset 2011/01/30 v1.1 Handle bit-vector datatype (HO)
Package: uniquecounter 2011/01/30 v1.2 Provide unlimited unique counter (HO)
)
Package hobsub Info: Skipping package `hobsub' (already loaded).
Package: letltxmacro 2010/09/02 v1.4 Let assignment for LaTeX macros (HO)
Package: hopatch 2011/06/24 v1.1 Wrapper for package hooks (HO)
Package: xcolor-patch 2011/01/30 xcolor patch
Package: atveryend 2011/06/30 v1.8 Hooks at the very end of document (HO)
Package atveryend Info: \enddocument detected (standard20110627).
Package: atbegshi 2011/10/05 v1.16 At begin shipout hook (HO)
Package: refcount 2011/10/16 v3.4 Data extraction from label references (HO)
Package: hycolor 2011/01/30 v1.7 Color options for hyperref/bookmark (HO)
)
("C:/Program Files/MiKTeX 2.9/tex/generic/ifxetex/ifxetex.sty"
Package: ifxetex 2010/09/12 v0.6 Provides ifxetex conditional
)
("C:/Program Files/MiKTeX 2.9/tex/latex/oberdiek/auxhook.sty"
Package: auxhook 2011/03/04 v1.3 Hooks for auxiliary files (HO)
)
("C:/Program Files/MiKTeX 2.9/tex/latex/oberdiek/kvoptions.sty"
Package: kvoptions 2011/06/30 v3.11 Key value format for package options (HO)
)
\@linkdim=\dimen292
\Hy@linkcounter=\count317
\Hy@pagecounter=\count318

("C:/Program Files/MiKTeX 2.9/tex/latex/hyperref/pd1enc.def"
File: pd1enc.def 2012/11/06 v6.83m Hyperref: PDFDocEncoding definition (HO)
)
\Hy@SavedSpaceFactor=\count319

("C:/Program Files/MiKTeX 2.9/tex/latex/00miktex/hyperref.cfg"
File: hyperref.cfg 2002/06/06 v1.2 hyperref configuration of TeXLive
)
Package hyperref Info: Hyper figures OFF on input line 4443.
Package hyperref Info: Link nesting OFF on input line 4448.
Package hyperref Info: Hyper index ON on input line 4451.
Package hyperref Info: Plain pages OFF on input line 4458.
Package hyperref Info: Backreferencing OFF on input line 4463.
Package hyperref Info: Implicit mode ON; LaTeX internals redefined.
Package hyperref Info: Bookmarks ON on input line 4688.
\c@Hy@tempcnt=\count320

("C:/Program Files/MiKTeX 2.9/tex/latex/ltxmisc/url.sty"
\Urlmuskip=\muskip16
Package: url 2006/04/12  ver 3.3  Verb mode for urls, etc.
)
LaTeX Info: Redefining \url on input line 5041.
\XeTeXLinkMargin=\dimen293
\Fld@menulength=\count321
\Field@Width=\dimen294
\Fld@charsize=\dimen295
Package hyperref Info: Hyper figures OFF on input line 6295.
Package hyperref Info: Link nesting OFF on input line 6300.
Package hyperref Info: Hyper index ON on input line 6303.
Package hyperref Info: backreferencing OFF on input line 6310.
Package hyperref Info: Link coloring OFF on input line 6315.
Package hyperref Info: Link coloring with OCG OFF on input line 6320.
Package hyperref Info: PDF/A mode OFF on input line 6325.
LaTeX Info: Redefining \ref on input line 6365.
LaTeX Info: Redefining \pageref on input line 6369.
\Hy@abspage=\count322
\c@Item=\count323
\c@Hfootnote=\count324
)

Package hyperref Message: Driver (autodetected): hpdftex.

("C:/Program Files/MiKTeX 2.9/tex/latex/hyperref/hpdftex.def"
File: hpdftex.def 2012/11/06 v6.83m Hyperref driver for pdfTeX
\Fld@listcount=\count325
\c@bookmark@seq@number=\count326

("C:/Program Files/MiKTeX 2.9/tex/latex/oberdiek/rerunfilecheck.sty"
Package: rerunfilecheck 2011/04/15 v1.7 Rerun checks for auxiliary files (HO)
Package uniquecounter Info: New unique counter `rerunfilecheck' on input line 2
82.
)
\Hy@SectionHShift=\skip262
)
Package hyperref Info: Option `colorlinks' set `true' on input line 24.

No file Resume_Asif.Rehan@engineer.uconn.edu.aux.
LaTeX Font Info:    Checking defaults for OML/cmm/m/it on input line 27.
LaTeX Font Info:    ... okay on input line 27.
LaTeX Font Info:    Checking defaults for T1/cmr/m/n on input line 27.
LaTeX Font Info:    ... okay on input line 27.
LaTeX Font Info:    Checking defaults for OT1/cmr/m/n on input line 27.
LaTeX Font Info:    ... okay on input line 27.
LaTeX Font Info:    Checking defaults for OMS/cmsy/m/n on input line 27.
LaTeX Font Info:    ... okay on input line 27.
LaTeX Font Info:    Checking defaults for OMX/cmex/m/n on input line 27.
LaTeX Font Info:    ... okay on input line 27.
LaTeX Font Info:    Checking defaults for U/cmr/m/n on input line 27.
LaTeX Font Info:    ... okay on input line 27.
LaTeX Font Info:    Checking defaults for EU2/lmr/m/n on input line 27.
LaTeX Font Info:    ... okay on input line 27.
LaTeX Font Info:    Checking defaults for T3/cmr/m/n on input line 27.
LaTeX Font Info:    Try loading font information for T3+cmr on input line 27.
("C:/Program Files/MiKTeX 2.9/tex/latex/tipa/t3cmr.fd"
File: t3cmr.fd 2001/12/31 TIPA font definitions
)
LaTeX Font Info:    ... okay on input line 27.
LaTeX Font Info:    Checking defaults for PD1/pdf/m/n on input line 27.
LaTeX Font Info:    ... okay on input line 27.

("C:/Program Files/MiKTeX 2.9/tex/context/base/supp-pdf.mkii"
[Loading MPS to PDF converter (version 2006.09.02).]
\scratchcounter=\count327
\scratchdimen=\dimen296
\scratchbox=\box271
\nofMPsegments=\count328
\nofMParguments=\count329
\everyMPshowfont=\toks23
\MPscratchCnt=\count330
\MPscratchDim=\dimen297
\MPnumerator=\count331
\makeMPintoPDFobject=\count332
\everyMPtoPDFconversion=\toks24
)
.................................................
. fontspec info: "setup-math"
. 
. Adjusting the maths setup (use [no-math] to avoid this).
.................................................
\symlegacymaths=\mathgroup4
LaTeX Font Info:    Overwriting symbol font `legacymaths' in version `bold'
(Font)                  OT1/cmr/m/n --> OT1/cmr/bx/n on input line 27.
LaTeX Font Info:    Redeclaring math accent \acute on input line 27.
LaTeX Font Info:    Redeclaring math accent \grave on input line 27.
LaTeX Font Info:    Redeclaring math accent \ddot on input line 27.
LaTeX Font Info:    Redeclaring math accent \tilde on input line 27.
LaTeX Font Info:    Redeclaring math accent \bar on input line 27.
LaTeX Font Info:    Redeclaring math accent \breve on input line 27.
LaTeX Font Info:    Redeclaring math accent \check on input line 27.
LaTeX Font Info:    Redeclaring math accent \hat on input line 27.
LaTeX Font Info:    Redeclaring math accent \dot on input line 27.
LaTeX Font Info:    Redeclaring math accent \mathring on input line 27.
LaTeX Font Info:    Redeclaring math symbol \colon on input line 27.
LaTeX Font Info:    Redeclaring math symbol \Gamma on input line 27.
LaTeX Font Info:    Redeclaring math symbol \Delta on input line 27.
LaTeX Font Info:    Redeclaring math symbol \Theta on input line 27.
LaTeX Font Info:    Redeclaring math symbol \Lambda on input line 27.
LaTeX Font Info:    Redeclaring math symbol \Xi on input line 27.
LaTeX Font Info:    Redeclaring math symbol \Pi on input line 27.
LaTeX Font Info:    Redeclaring math symbol \Sigma on input line 27.
LaTeX Font Info:    Redeclaring math symbol \Upsilon on input line 27.
LaTeX Font Info:    Redeclaring math symbol \Phi on input line 27.
LaTeX Font Info:    Redeclaring math symbol \Psi on input line 27.
LaTeX Font Info:    Redeclaring math symbol \Omega on input line 27.
LaTeX Font Info:    Redeclaring math symbol \mathdollar on input line 27.
LaTeX Font Info:    Redeclaring symbol font `operators' on input line 27.
LaTeX Font Info:    Encoding `OT1' has changed to `EU2' for symbol font
(Font)              `operators' in the math version `normal' on input line 27.
LaTeX Font Info:    Overwriting symbol font `operators' in version `normal'
(Font)                  OT1/cmr/m/n --> EU2/lmr/m/n on input line 27.
LaTeX Font Info:    Encoding `OT1' has changed to `EU2' for symbol font
(Font)              `operators' in the math version `bold' on input line 27.
LaTeX Font Info:    Overwriting symbol font `operators' in version `bold'
(Font)                  OT1/cmr/bx/n --> EU2/lmr/m/n on input line 27.
LaTeX Font Info:    Overwriting symbol font `operators' in version `normal'
(Font)                  EU2/lmr/m/n --> EU2/lmr/m/n on input line 27.
LaTeX Font Info:    Overwriting math alphabet `\mathrm' in version `normal'
(Font)                  EU2/lmr/m/n --> EU2/lmr/m/n on input line 27.
LaTeX Font Info:    Overwriting math alphabet `\mathit' in version `normal'
(Font)                  OT1/cmr/m/it --> EU2/lmr/m/it on input line 27.
LaTeX Font Info:    Overwriting math alphabet `\mathbf' in version `normal'
(Font)                  OT1/cmr/bx/n --> EU2/lmr/bx/n on input line 27.
LaTeX Font Info:    Overwriting math alphabet `\mathsf' in version `normal'
(Font)                  OT1/cmss/m/n --> EU2/lmss/m/n on input line 27.
LaTeX Font Info:    Overwriting math alphabet `\mathtt' in version `normal'
(Font)                  OT1/cmtt/m/n --> EU2/lmtt/m/n on input line 27.
LaTeX Font Info:    Overwriting symbol font `operators' in version `bold'
(Font)                  EU2/lmr/m/n --> EU2/lmr/bx/n on input line 27.
LaTeX Font Info:    Overwriting math alphabet `\mathrm' in version `bold'
(Font)                  EU2/lmr/m/n --> EU2/lmr/bx/n on input line 27.
LaTeX Font Info:    Overwriting math alphabet `\mathit' in version `bold'
(Font)                  OT1/cmr/bx/it --> EU2/lmr/bx/it on input line 27.
LaTeX Font Info:    Overwriting math alphabet `\mathsf' in version `bold'
(Font)                  OT1/cmss/bx/n --> EU2/lmss/bx/n on input line 27.
LaTeX Font Info:    Overwriting math alphabet `\mathtt' in version `bold'
(Font)                  OT1/cmtt/m/n --> EU2/lmtt/bx/n on input line 27.
\AtBeginShipoutBox=\box272
 ("C:/Program Files/MiKTeX 2.9/tex/latex/graphics/color.sty"
Package: color 2005/11/14 v1.0j Standard LaTeX Color (DPC)
LaTeX Info: Redefining \color on input line 76.

("C:/Program Files/MiKTeX 2.9/tex/latex/00miktex/color.cfg"
File: color.cfg 2007/01/18 v1.5 color configuration of teTeX/TeXLive
)
Package color Info: Driver file: pdftex.def on input line 130.
)
Package hyperref Info: Link coloring ON on input line 27.

("C:/Program Files/MiKTeX 2.9/tex/latex/hyperref/nameref.sty"
Package: nameref 2012/10/27 v2.43 Cross-referencing by name of section

("C:/Program Files/MiKTeX 2.9/tex/generic/oberdiek/gettitlestring.sty"
Package: gettitlestring 2010/12/03 v1.4 Cleanup title references (HO)
)
\c@section@level=\count333
)
LaTeX Info: Redefining \ref on input line 27.
LaTeX Info: Redefining \pageref on input line 27.
LaTeX Info: Redefining \nameref on input line 27.
luaotfload | load font: auto-selecting default features for script: dflt (was l
atn)(load: C:/Users/asr13006/AppData/Local/MiKTeX/2.9/luatex-cache/generic/font
s/otf/temp-lmroman12-regular.lua)
luaotfload | load font: auto-selecting default features for script: dflt (was l
atn)(load: C:/Users/asr13006/AppData/Local/MiKTeX/2.9/luatex-cache/generic/font
s/otf/temp-lmroman12-bold.lua)
LaTeX Font Info:    Try loading font information for U+mvs on input line 33.

("C:/Program Files/MiKTeX 2.9/tex/latex/marvosym/umvs.fd")
luaotfload | load font: font family='fontawesome', subfamily='regular' found: f
ontawesome.otf
luaotfload | load font: auto-selecting default features for script: dflt (was l
atn)(load: C:/Users/asr13006/AppData/Local/MiKTeX/2.9/luatex-cache/generic/font
s/otf/temp-lmroman9-regular.lua)
luaotfload | load font: auto-selecting default features for script: dflt (was l
atn)(load: C:/Users/asr13006/AppData/Local/MiKTeX/2.9/luatex-cache/generic/font
s/otf/temp-lmroman7-regular.lua)
luaotfload | load font: auto-selecting default features for script: dflt (was l
atn)(load: C:/Users/asr13006/AppData/Local/MiKTeX/2.9/luatex-cache/generic/font
s/otf/temp-lmroman5-regular.lua)
LaTeX Font Info:    External font `cmex10' loaded for size
(Font)              <7> on input line 37.
LaTeX Font Info:    External font `cmex10' loaded for size
(Font)              <5> on input line 37.
luaotfload | load font: auto-selecting default features for script: dflt (was l
atn)
luaotfload | load font: auto-selecting default features for script: dflt (was l
atn)

LaTeX Font Warning: Font shape `EU2/lmr/bx/sc' undefined
(Font)              using `EU2/lmr/bx/n' instead on input line 45.

Package atveryend Info: Empty hook `BeforeClearDocument' on input line 161.
[1

{C:/Users/asr13006/AppData/Local/MiKTeX/2.9/pdftex/config/pdftex.map}]
Package atveryend Info: Empty hook `AfterLastShipout' on input line 161.
Package atveryend Info: Executing hook `AtVeryEndDocument' on input line 161.
Package atveryend Info: Empty hook `AtEndAfterFileList' on input line 161.


LaTeX Font Warning: Some font shapes were not available, defaults substituted.

Package atveryend Info: Empty hook `AtVeryVeryEnd' on input line 161.
 )

Here is how much of LuaTeX's memory you used:
 19844 strings out of 495011
 100000,460012 words of node,token memory allocated
 416 words of node memory still in use:
    nodes
   avail lists: 1:1,2:10853,3:179,4:1368,5:219,6:3502,7:16,8:8,9:209,10:384
 22855 multiletter control sequences out of 65536+200000
 40 fonts using 2852799 bytes
 55i,8n,33p,412b,320s stack positions out of 5000i,500n,10000p,200000b,50000s
<C:/Program Files/MiKTeX 2.9/fonts/opentype/public/lm/lmroman7-regular.otf><C:/
Program Files/MiKTeX 2.9/fonts/opentype/public/lm/lmroman10-italic.otf><C:/Prog
ram Files/MiKTeX 2.9/fonts/opentype/public/lm/lmroman10-regular.otf><C:/Program
 Files/MiKTeX 2.9/fonts/opentype/public/lm/lmroman9-regular.otf><C:/Program Fil
es/MiKTeX 2.9/fonts/opentype/public/fontawesome/fontawesome.otf><C:/Program Fil
es/MiKTeX 2.9/fonts/opentype/public/lm/lmroman10-bold.otf><C:/Program Files/MiK
TeX 2.9/fonts/opentype/public/lm/lmroman12-bold.otf><C:/Program Files/MiKTeX 2.
9/fonts/type1/public/marvosym/marvosym.pfb>
Output written on Resume_Asif.Rehan@engineer.uconn.edu.pdf (1 page, 50245 bytes
).

PDF statistics: 68 PDF objects out of 1000 (max. 8388607)
 2 named destinations out of 1000 (max. 131072)
 1 words of extra memory for PDF output out of 10000 (max. 10000000)

